\BOOKMARK [0][-]{chapter.1}{\376\377\0001\000\040\000P\000r\000o\000j\000e\000t\000-\000d\000e\000-\000C\000o\000n\000c\000e\000p\000t\000i\000o\000n\000-\000d\000e\000-\000G\000e\000s\000t\000i\000o\000n\000-\000d\000e\000-\000S\000y\000s\000t\000e\000m\000-\000d\000e\000-\000R\000e\000c\000h\000a\000r\000g\000e\000-\000d\000e\000-\000V\000o\000i\000t\000u\000r\000e\000-\000E\000l\000e\000c\000t\000r\000i\000q\000u\000e}{}% 1
\BOOKMARK [0][-]{chapter.2}{\376\377\0002\000\040\000I\000n\000d\000e\000x\000\040\000d\000e\000s\000\040\000f\000i\000c\000h\000i\000e\000r\000s}{}% 2
\BOOKMARK [1][-]{section.2.1}{\376\377\0002\000.\0001\000\040\000L\000i\000s\000t\000e\000\040\000d\000e\000s\000\040\000f\000i\000c\000h\000i\000e\000r\000s}{chapter.2}% 3
\BOOKMARK [0][-]{chapter.3}{\376\377\0003\000\040\000D\000o\000c\000u\000m\000e\000n\000t\000a\000t\000i\000o\000n\000\040\000d\000e\000s\000\040\000f\000i\000c\000h\000i\000e\000r\000s}{}% 4
\BOOKMARK [1][-]{section.3.1}{\376\377\0003\000.\0001\000\040\000R\000\351\000f\000\351\000r\000e\000n\000c\000e\000\040\000d\000u\000\040\000f\000i\000c\000h\000i\000e\000r\000\040\000b\000a\000s\000e\000c\000l\000i\000e\000n\000t\000.\000c}{chapter.3}% 5
\BOOKMARK [2][-]{subsection.3.1.1}{\376\377\0003\000.\0001\000.\0001\000\040\000D\000e\000s\000c\000r\000i\000p\000t\000i\000o\000n\000\040\000d\000\351\000t\000a\000i\000l\000l\000\351\000e}{section.3.1}% 6
\BOOKMARK [2][-]{subsection.3.1.2}{\376\377\0003\000.\0001\000.\0002\000\040\000D\000o\000c\000u\000m\000e\000n\000t\000a\000t\000i\000o\000n\000\040\000d\000e\000s\000\040\000f\000o\000n\000c\000t\000i\000o\000n\000s}{section.3.1}% 7
\BOOKMARK [3][-]{subsubsection.3.1.2.1}{\376\377\0003\000.\0001\000.\0002\000.\0001\000\040\000b\000a\000s\000e\000c\000l\000i\000e\000n\000t\000\137\000a\000j\000o\000u\000t\000c\000l\000i\000e\000n\000t\000\050\000\051}{subsection.3.1.2}% 8
\BOOKMARK [3][-]{subsubsection.3.1.2.2}{\376\377\0003\000.\0001\000.\0002\000.\0002\000\040\000b\000a\000s\000e\000c\000l\000i\000e\000n\000t\000\137\000a\000u\000t\000h\000e\000n\000t\000i\000f\000i\000e\000r\000\050\000\051}{subsection.3.1.2}% 9
\BOOKMARK [3][-]{subsubsection.3.1.2.3}{\376\377\0003\000.\0001\000.\0002\000.\0003\000\040\000b\000a\000s\000e\000c\000l\000i\000e\000n\000t\000\137\000s\000u\000p\000p\000r\000i\000m\000e\000c\000l\000i\000e\000n\000t\000\050\000\051}{subsection.3.1.2}% 10
\BOOKMARK [1][-]{section.3.2}{\376\377\0003\000.\0002\000\040\000R\000\351\000f\000\351\000r\000e\000n\000c\000e\000\040\000d\000u\000\040\000f\000i\000c\000h\000i\000e\000r\000\040\000b\000a\000s\000e\000c\000l\000i\000e\000n\000t\000.\000h}{chapter.3}% 11
\BOOKMARK [2][-]{subsection.3.2.1}{\376\377\0003\000.\0002\000.\0001\000\040\000D\000e\000s\000c\000r\000i\000p\000t\000i\000o\000n\000\040\000d\000\351\000t\000a\000i\000l\000l\000\351\000e}{section.3.2}% 12
\BOOKMARK [2][-]{subsection.3.2.2}{\376\377\0003\000.\0002\000.\0002\000\040\000D\000o\000c\000u\000m\000e\000n\000t\000a\000t\000i\000o\000n\000\040\000d\000e\000s\000\040\000f\000o\000n\000c\000t\000i\000o\000n\000s}{section.3.2}% 13
\BOOKMARK [3][-]{subsubsection.3.2.2.1}{\376\377\0003\000.\0002\000.\0002\000.\0001\000\040\000b\000a\000s\000e\000c\000l\000i\000e\000n\000t\000\137\000a\000j\000o\000u\000t\000c\000l\000i\000e\000n\000t\000\050\000\051}{subsection.3.2.2}% 14
\BOOKMARK [3][-]{subsubsection.3.2.2.2}{\376\377\0003\000.\0002\000.\0002\000.\0002\000\040\000b\000a\000s\000e\000c\000l\000i\000e\000n\000t\000\137\000a\000u\000t\000h\000e\000n\000t\000i\000f\000i\000e\000r\000\050\000\051}{subsection.3.2.2}% 15
\BOOKMARK [3][-]{subsubsection.3.2.2.3}{\376\377\0003\000.\0002\000.\0002\000.\0003\000\040\000b\000a\000s\000e\000c\000l\000i\000e\000n\000t\000\137\000s\000u\000p\000p\000r\000i\000m\000e\000c\000l\000i\000e\000n\000t\000\050\000\051}{subsection.3.2.2}% 16
\BOOKMARK [1][-]{section.3.3}{\376\377\0003\000.\0003\000\040\000R\000\351\000f\000\351\000r\000e\000n\000c\000e\000\040\000d\000u\000\040\000f\000i\000c\000h\000i\000e\000r\000\040\000b\000o\000r\000n\000e\000.\000c}{chapter.3}% 17
\BOOKMARK [2][-]{subsection.3.3.1}{\376\377\0003\000.\0003\000.\0001\000\040\000D\000e\000s\000c\000r\000i\000p\000t\000i\000o\000n\000\040\000d\000\351\000t\000a\000i\000l\000l\000\351\000e}{section.3.3}% 18
\BOOKMARK [2][-]{subsection.3.3.2}{\376\377\0003\000.\0003\000.\0002\000\040\000D\000o\000c\000u\000m\000e\000n\000t\000a\000t\000i\000o\000n\000\040\000d\000u\000\040\000t\000y\000p\000e\000\040\000d\000e\000\040\000l\000\047\000\351\000n\000u\000m\000\351\000r\000a\000t\000i\000o\000n}{section.3.3}% 19
\BOOKMARK [3][-]{subsubsection.3.3.2.1}{\376\377\0003\000.\0003\000.\0002\000.\0001\000\040\000e\000t\000a\000t\000s\000y\000s\000t\000e\000m}{subsection.3.3.2}% 20
\BOOKMARK [2][-]{subsection.3.3.3}{\376\377\0003\000.\0003\000.\0003\000\040\000D\000o\000c\000u\000m\000e\000n\000t\000a\000t\000i\000o\000n\000\040\000d\000e\000s\000\040\000f\000o\000n\000c\000t\000i\000o\000n\000s}{section.3.3}% 21
\BOOKMARK [3][-]{subsubsection.3.3.3.1}{\376\377\0003\000.\0003\000.\0003\000.\0001\000\040\000a\000d\000m\000i\000n\000i\000s\000t\000r\000a\000t\000i\000o\000n\000\137\000o\000p\000e\000r\000a\000t\000e\000u\000r\000\050\000\051}{subsection.3.3.3}% 22
\BOOKMARK [3][-]{subsubsection.3.3.3.2}{\376\377\0003\000.\0003\000.\0003\000.\0002\000\040\000m\000a\000i\000n\000\050\000\051}{subsection.3.3.3}% 23
\BOOKMARK [1][-]{section.3.4}{\376\377\0003\000.\0004\000\040\000R\000\351\000f\000\351\000r\000e\000n\000c\000e\000\040\000d\000u\000\040\000f\000i\000c\000h\000i\000e\000r\000\040\000b\000o\000u\000t\000o\000n\000.\000c}{chapter.3}% 24
\BOOKMARK [2][-]{subsection.3.4.1}{\376\377\0003\000.\0004\000.\0001\000\040\000D\000e\000s\000c\000r\000i\000p\000t\000i\000o\000n\000\040\000d\000\351\000t\000a\000i\000l\000l\000\351\000e}{section.3.4}% 25
\BOOKMARK [2][-]{subsection.3.4.2}{\376\377\0003\000.\0004\000.\0002\000\040\000D\000o\000c\000u\000m\000e\000n\000t\000a\000t\000i\000o\000n\000\040\000d\000e\000s\000\040\000f\000o\000n\000c\000t\000i\000o\000n\000s}{section.3.4}% 26
\BOOKMARK [3][-]{subsubsection.3.4.2.1}{\376\377\0003\000.\0004\000.\0002\000.\0001\000\040\000b\000o\000u\000t\000o\000n\000\137\000a\000p\000p\000p\000u\000i\000e\000\137\000b\000u\000t\000t\000o\000n\000\137\000s\000t\000o\000p\000\050\000\051}{subsection.3.4.2}% 27
\BOOKMARK [3][-]{subsubsection.3.4.2.2}{\376\377\0003\000.\0004\000.\0002\000.\0002\000\040\000b\000o\000u\000t\000o\000n\000\137\000a\000p\000p\000u\000i\000e\000\137\000b\000u\000t\000t\000o\000n\000\137\000c\000h\000a\000r\000g\000e\000\050\000\051}{subsection.3.4.2}% 28
\BOOKMARK [3][-]{subsubsection.3.4.2.3}{\376\377\0003\000.\0004\000.\0002\000.\0003\000\040\000b\000o\000u\000t\000o\000n\000\137\000s\000e\000t\000\137\000b\000o\000u\000t\000o\000n\000\137\000c\000h\000a\000r\000g\000e\000\050\000\051}{subsection.3.4.2}% 29
\BOOKMARK [3][-]{subsubsection.3.4.2.4}{\376\377\0003\000.\0004\000.\0002\000.\0004\000\040\000b\000o\000u\000t\000o\000n\000\137\000s\000e\000t\000\137\000b\000o\000u\000t\000o\000n\000\137\000s\000t\000o\000p\000\050\000\051}{subsection.3.4.2}% 30
\BOOKMARK [2][-]{subsection.3.4.3}{\376\377\0003\000.\0004\000.\0003\000\040\000D\000o\000c\000u\000m\000e\000n\000t\000a\000t\000i\000o\000n\000\040\000d\000e\000s\000\040\000v\000a\000r\000i\000a\000b\000l\000e\000s}{section.3.4}% 31
\BOOKMARK [3][-]{subsubsection.3.4.3.1}{\376\377\0003\000.\0004\000.\0003\000.\0001\000\040\000i\000o\000\137\000b}{subsection.3.4.3}% 32
\BOOKMARK [3][-]{subsubsection.3.4.3.2}{\376\377\0003\000.\0004\000.\0003\000.\0002\000\040\000s\000h\000m\000i\000d\000\137\000b}{subsection.3.4.3}% 33
\BOOKMARK [1][-]{section.3.5}{\376\377\0003\000.\0005\000\040\000R\000\351\000f\000\351\000r\000e\000n\000c\000e\000\040\000d\000u\000\040\000f\000i\000c\000h\000i\000e\000r\000\040\000b\000o\000u\000t\000o\000n\000.\000h}{chapter.3}% 34
\BOOKMARK [2][-]{subsection.3.5.1}{\376\377\0003\000.\0005\000.\0001\000\040\000D\000e\000s\000c\000r\000i\000p\000t\000i\000o\000n\000\040\000d\000\351\000t\000a\000i\000l\000l\000\351\000e}{section.3.5}% 35
\BOOKMARK [2][-]{subsection.3.5.2}{\376\377\0003\000.\0005\000.\0002\000\040\000D\000o\000c\000u\000m\000e\000n\000t\000a\000t\000i\000o\000n\000\040\000d\000e\000s\000\040\000f\000o\000n\000c\000t\000i\000o\000n\000s}{section.3.5}% 36
\BOOKMARK [3][-]{subsubsection.3.5.2.1}{\376\377\0003\000.\0005\000.\0002\000.\0001\000\040\000b\000o\000u\000t\000o\000n\000\137\000a\000p\000p\000p\000u\000i\000e\000\137\000b\000u\000t\000t\000o\000n\000\137\000s\000t\000o\000p\000\050\000\051}{subsection.3.5.2}% 37
\BOOKMARK [3][-]{subsubsection.3.5.2.2}{\376\377\0003\000.\0005\000.\0002\000.\0002\000\040\000b\000o\000u\000t\000o\000n\000\137\000a\000p\000p\000u\000i\000e\000\137\000b\000u\000t\000t\000o\000n\000\137\000c\000h\000a\000r\000g\000e\000\050\000\051}{subsection.3.5.2}% 38
\BOOKMARK [3][-]{subsubsection.3.5.2.3}{\376\377\0003\000.\0005\000.\0002\000.\0003\000\040\000b\000o\000u\000t\000o\000n\000\137\000s\000e\000t\000\137\000b\000o\000u\000t\000o\000n\000\137\000c\000h\000a\000r\000g\000e\000\050\000\051}{subsection.3.5.2}% 39
\BOOKMARK [3][-]{subsubsection.3.5.2.4}{\376\377\0003\000.\0005\000.\0002\000.\0004\000\040\000b\000o\000u\000t\000o\000n\000\137\000s\000e\000t\000\137\000b\000o\000u\000t\000o\000n\000\137\000s\000t\000o\000p\000\050\000\051}{subsection.3.5.2}% 40
\BOOKMARK [1][-]{section.3.6}{\376\377\0003\000.\0006\000\040\000R\000\351\000f\000\351\000r\000e\000n\000c\000e\000\040\000d\000u\000\040\000f\000i\000c\000h\000i\000e\000r\000\040\000g\000e\000n\000e\000r\000a\000t\000e\000u\000r\000\137\000s\000a\000v\000e\000.\000c}{chapter.3}% 41
\BOOKMARK [2][-]{subsection.3.6.1}{\376\377\0003\000.\0006\000.\0001\000\040\000D\000e\000s\000c\000r\000i\000p\000t\000i\000o\000n\000\040\000d\000\351\000t\000a\000i\000l\000l\000\351\000e}{section.3.6}% 42
\BOOKMARK [2][-]{subsection.3.6.2}{\376\377\0003\000.\0006\000.\0002\000\040\000D\000o\000c\000u\000m\000e\000n\000t\000a\000t\000i\000o\000n\000\040\000d\000e\000s\000\040\000f\000o\000n\000c\000t\000i\000o\000n\000s}{section.3.6}% 43
\BOOKMARK [3][-]{subsubsection.3.6.2.1}{\376\377\0003\000.\0006\000.\0002\000.\0001\000\040\000g\000e\000n\000e\000r\000a\000t\000e\000u\000r\000\137\000s\000a\000v\000e\000\137\000f\000e\000r\000m\000e\000r\000\137\000c\000o\000n\000t\000a\000c\000t\000e\000u\000r\000\050\000\051}{subsection.3.6.2}% 44
\BOOKMARK [3][-]{subsubsection.3.6.2.2}{\376\377\0003\000.\0006\000.\0002\000.\0002\000\040\000g\000e\000n\000e\000r\000a\000t\000e\000u\000r\000\137\000s\000a\000v\000e\000\137\000g\000e\000n\000e\000r\000e\000r\000\137\000p\000w\000m\000\050\000\051}{subsection.3.6.2}% 45
\BOOKMARK [3][-]{subsubsection.3.6.2.3}{\376\377\0003\000.\0006\000.\0002\000.\0003\000\040\000g\000e\000n\000e\000r\000a\000t\000e\000u\000r\000\137\000s\000a\000v\000e\000\137\000o\000u\000v\000r\000i\000r\000\137\000c\000o\000n\000t\000a\000c\000t\000e\000u\000r\000\050\000\051}{subsection.3.6.2}% 46
\BOOKMARK [3][-]{subsubsection.3.6.2.4}{\376\377\0003\000.\0006\000.\0002\000.\0004\000\040\000g\000e\000n\000e\000r\000a\000t\000e\000u\000r\000\137\000s\000a\000v\000e\000\137\000t\000e\000n\000s\000i\000o\000n\000\137\000D\000C\000\050\000\051}{subsection.3.6.2}% 47
\BOOKMARK [2][-]{subsection.3.6.3}{\376\377\0003\000.\0006\000.\0003\000\040\000D\000o\000c\000u\000m\000e\000n\000t\000a\000t\000i\000o\000n\000\040\000d\000e\000s\000\040\000v\000a\000r\000i\000a\000b\000l\000e\000s}{section.3.6}% 48
\BOOKMARK [3][-]{subsubsection.3.6.3.1}{\376\377\0003\000.\0006\000.\0003\000.\0001\000\040\000i\000o\000\137\000g}{subsection.3.6.3}% 49
\BOOKMARK [3][-]{subsubsection.3.6.3.2}{\376\377\0003\000.\0006\000.\0003\000.\0002\000\040\000s\000h\000m\000i\000d\000\137\000g}{subsection.3.6.3}% 50
\BOOKMARK [1][-]{section.3.7}{\376\377\0003\000.\0007\000\040\000R\000\351\000f\000\351\000r\000e\000n\000c\000e\000\040\000d\000u\000\040\000f\000i\000c\000h\000i\000e\000r\000\040\000g\000e\000n\000e\000r\000a\000t\000e\000u\000r\000\137\000s\000a\000v\000e\000.\000h}{chapter.3}% 51
\BOOKMARK [2][-]{subsection.3.7.1}{\376\377\0003\000.\0007\000.\0001\000\040\000D\000e\000s\000c\000r\000i\000p\000t\000i\000o\000n\000\040\000d\000\351\000t\000a\000i\000l\000l\000\351\000e}{section.3.7}% 52
\BOOKMARK [2][-]{subsection.3.7.2}{\376\377\0003\000.\0007\000.\0002\000\040\000D\000o\000c\000u\000m\000e\000n\000t\000a\000t\000i\000o\000n\000\040\000d\000e\000s\000\040\000f\000o\000n\000c\000t\000i\000o\000n\000s}{section.3.7}% 53
\BOOKMARK [3][-]{subsubsection.3.7.2.1}{\376\377\0003\000.\0007\000.\0002\000.\0001\000\040\000g\000e\000n\000e\000r\000a\000t\000e\000u\000r\000\137\000s\000a\000v\000e\000\137\000f\000e\000r\000m\000e\000r\000\137\000c\000o\000n\000t\000a\000c\000t\000e\000u\000r\000\050\000\051}{subsection.3.7.2}% 54
\BOOKMARK [3][-]{subsubsection.3.7.2.2}{\376\377\0003\000.\0007\000.\0002\000.\0002\000\040\000g\000e\000n\000e\000r\000a\000t\000e\000u\000r\000\137\000s\000a\000v\000e\000\137\000g\000e\000n\000e\000r\000e\000r\000\137\000p\000w\000m\000\050\000\051}{subsection.3.7.2}% 55
\BOOKMARK [3][-]{subsubsection.3.7.2.3}{\376\377\0003\000.\0007\000.\0002\000.\0003\000\040\000g\000e\000n\000e\000r\000a\000t\000e\000u\000r\000\137\000s\000a\000v\000e\000\137\000o\000u\000v\000r\000i\000r\000\137\000c\000o\000n\000t\000a\000c\000t\000e\000u\000r\000\050\000\051}{subsection.3.7.2}% 56
\BOOKMARK [3][-]{subsubsection.3.7.2.4}{\376\377\0003\000.\0007\000.\0002\000.\0004\000\040\000g\000e\000n\000e\000r\000a\000t\000e\000u\000r\000\137\000s\000a\000v\000e\000\137\000t\000e\000n\000s\000i\000o\000n\000\137\000D\000C\000\050\000\051}{subsection.3.7.2}% 57
\BOOKMARK [1][-]{section.3.8}{\376\377\0003\000.\0008\000\040\000R\000\351\000f\000\351\000r\000e\000n\000c\000e\000\040\000d\000u\000\040\000f\000i\000c\000h\000i\000e\000r\000\040\000l\000e\000c\000t\000e\000u\000r\000c\000a\000r\000t\000e\000.\000c}{chapter.3}% 58
\BOOKMARK [2][-]{subsection.3.8.1}{\376\377\0003\000.\0008\000.\0001\000\040\000D\000e\000s\000c\000r\000i\000p\000t\000i\000o\000n\000\040\000d\000\351\000t\000a\000i\000l\000l\000\351\000e}{section.3.8}% 59
\BOOKMARK [2][-]{subsection.3.8.2}{\376\377\0003\000.\0008\000.\0002\000\040\000D\000o\000c\000u\000m\000e\000n\000t\000a\000t\000i\000o\000n\000\040\000d\000e\000s\000\040\000f\000o\000n\000c\000t\000i\000o\000n\000s}{section.3.8}% 60
\BOOKMARK [3][-]{subsubsection.3.8.2.1}{\376\377\0003\000.\0008\000.\0002\000.\0001\000\040\000l\000e\000c\000t\000e\000u\000r\000c\000a\000r\000t\000e\000\137\000i\000n\000i\000t\000i\000a\000l\000i\000s\000e\000r\000\050\000\051}{subsection.3.8.2}% 61
\BOOKMARK [3][-]{subsubsection.3.8.2.2}{\376\377\0003\000.\0008\000.\0002\000.\0002\000\040\000l\000e\000c\000t\000e\000u\000r\000c\000a\000r\000t\000e\000\137\000l\000i\000r\000e\000\137\000c\000a\000r\000t\000e\000\050\000\051}{subsection.3.8.2}% 62
\BOOKMARK [1][-]{section.3.9}{\376\377\0003\000.\0009\000\040\000R\000\351\000f\000\351\000r\000e\000n\000c\000e\000\040\000d\000u\000\040\000f\000i\000c\000h\000i\000e\000r\000\040\000l\000e\000c\000t\000e\000u\000r\000c\000a\000r\000t\000e\000.\000h}{chapter.3}% 63
\BOOKMARK [2][-]{subsection.3.9.1}{\376\377\0003\000.\0009\000.\0001\000\040\000D\000e\000s\000c\000r\000i\000p\000t\000i\000o\000n\000\040\000d\000\351\000t\000a\000i\000l\000l\000\351\000e}{section.3.9}% 64
\BOOKMARK [2][-]{subsection.3.9.2}{\376\377\0003\000.\0009\000.\0002\000\040\000D\000o\000c\000u\000m\000e\000n\000t\000a\000t\000i\000o\000n\000\040\000d\000e\000s\000\040\000f\000o\000n\000c\000t\000i\000o\000n\000s}{section.3.9}% 65
\BOOKMARK [3][-]{subsubsection.3.9.2.1}{\376\377\0003\000.\0009\000.\0002\000.\0001\000\040\000l\000e\000c\000t\000e\000u\000r\000c\000a\000r\000t\000e\000\137\000i\000n\000i\000t\000i\000a\000l\000i\000s\000e\000r\000\050\000\051}{subsection.3.9.2}% 66
\BOOKMARK [3][-]{subsubsection.3.9.2.2}{\376\377\0003\000.\0009\000.\0002\000.\0002\000\040\000l\000e\000c\000t\000e\000u\000r\000c\000a\000r\000t\000e\000\137\000l\000i\000r\000e\000\137\000c\000a\000r\000t\000e\000\050\000\051}{subsection.3.9.2}% 67
\BOOKMARK [1][-]{section.3.10}{\376\377\0003\000.\0001\0000\000\040\000R\000\351\000f\000\351\000r\000e\000n\000c\000e\000\040\000d\000u\000\040\000f\000i\000c\000h\000i\000e\000r\000\040\000p\000r\000i\000s\000e\000.\000c}{chapter.3}% 68
\BOOKMARK [2][-]{subsection.3.10.1}{\376\377\0003\000.\0001\0000\000.\0001\000\040\000D\000e\000s\000c\000r\000i\000p\000t\000i\000o\000n\000\040\000d\000\351\000t\000a\000i\000l\000l\000\351\000e}{section.3.10}% 69
\BOOKMARK [2][-]{subsection.3.10.2}{\376\377\0003\000.\0001\0000\000.\0002\000\040\000D\000o\000c\000u\000m\000e\000n\000t\000a\000t\000i\000o\000n\000\040\000d\000e\000s\000\040\000f\000o\000n\000c\000t\000i\000o\000n\000s}{section.3.10}% 70
\BOOKMARK [3][-]{subsubsection.3.10.2.1}{\376\377\0003\000.\0001\0000\000.\0002\000.\0001\000\040\000p\000r\000i\000s\000e\000\137\000d\000e\000v\000e\000r\000r\000o\000u\000i\000l\000l\000e\000\137\000t\000r\000a\000p\000p\000e\000\050\000\051}{subsection.3.10.2}% 71
\BOOKMARK [3][-]{subsubsection.3.10.2.2}{\376\377\0003\000.\0001\0000\000.\0002\000.\0002\000\040\000p\000r\000i\000s\000e\000\137\000s\000e\000t\000\137\000p\000r\000i\000s\000e\000\050\000\051}{subsection.3.10.2}% 72
\BOOKMARK [3][-]{subsubsection.3.10.2.3}{\376\377\0003\000.\0001\0000\000.\0002\000.\0003\000\040\000p\000r\000i\000s\000e\000\137\000v\000e\000r\000r\000o\000u\000i\000l\000l\000e\000\137\000t\000r\000a\000p\000p\000e\000\050\000\051}{subsection.3.10.2}% 73
\BOOKMARK [2][-]{subsection.3.10.3}{\376\377\0003\000.\0001\0000\000.\0003\000\040\000D\000o\000c\000u\000m\000e\000n\000t\000a\000t\000i\000o\000n\000\040\000d\000e\000s\000\040\000v\000a\000r\000i\000a\000b\000l\000e\000s}{section.3.10}% 74
\BOOKMARK [3][-]{subsubsection.3.10.3.1}{\376\377\0003\000.\0001\0000\000.\0003\000.\0001\000\040\000i\000o\000\137\000p}{subsection.3.10.3}% 75
\BOOKMARK [3][-]{subsubsection.3.10.3.2}{\376\377\0003\000.\0001\0000\000.\0003\000.\0002\000\040\000s\000h\000m\000i\000d\000\137\000p}{subsection.3.10.3}% 76
\BOOKMARK [1][-]{section.3.11}{\376\377\0003\000.\0001\0001\000\040\000R\000\351\000f\000\351\000r\000e\000n\000c\000e\000\040\000d\000u\000\040\000f\000i\000c\000h\000i\000e\000r\000\040\000p\000r\000i\000s\000e\000.\000h}{chapter.3}% 77
\BOOKMARK [2][-]{subsection.3.11.1}{\376\377\0003\000.\0001\0001\000.\0001\000\040\000D\000e\000s\000c\000r\000i\000p\000t\000i\000o\000n\000\040\000d\000\351\000t\000a\000i\000l\000l\000\351\000e}{section.3.11}% 78
\BOOKMARK [2][-]{subsection.3.11.2}{\376\377\0003\000.\0001\0001\000.\0002\000\040\000D\000o\000c\000u\000m\000e\000n\000t\000a\000t\000i\000o\000n\000\040\000d\000e\000s\000\040\000f\000o\000n\000c\000t\000i\000o\000n\000s}{section.3.11}% 79
\BOOKMARK [3][-]{subsubsection.3.11.2.1}{\376\377\0003\000.\0001\0001\000.\0002\000.\0001\000\040\000p\000r\000i\000s\000e\000\137\000d\000e\000v\000e\000r\000r\000o\000u\000i\000l\000l\000e\000\137\000t\000r\000a\000p\000p\000e\000\050\000\051}{subsection.3.11.2}% 80
\BOOKMARK [3][-]{subsubsection.3.11.2.2}{\376\377\0003\000.\0001\0001\000.\0002\000.\0002\000\040\000p\000r\000i\000s\000e\000\137\000s\000e\000t\000\137\000p\000r\000i\000s\000e\000\050\000\051}{subsection.3.11.2}% 81
\BOOKMARK [3][-]{subsubsection.3.11.2.3}{\376\377\0003\000.\0001\0001\000.\0002\000.\0003\000\040\000p\000r\000i\000s\000e\000\137\000v\000e\000r\000r\000o\000u\000i\000l\000l\000e\000\137\000t\000r\000a\000p\000p\000e\000\050\000\051}{subsection.3.11.2}% 82
\BOOKMARK [1][-]{section.3.12}{\376\377\0003\000.\0001\0002\000\040\000R\000\351\000f\000\351\000r\000e\000n\000c\000e\000\040\000d\000u\000\040\000f\000i\000c\000h\000i\000e\000r\000\040\000R\000E\000A\000D\000M\000E\000.\000m\000d}{chapter.3}% 83
\BOOKMARK [1][-]{section.3.13}{\376\377\0003\000.\0001\0003\000\040\000R\000\351\000f\000\351\000r\000e\000n\000c\000e\000\040\000d\000u\000\040\000f\000i\000c\000h\000i\000e\000r\000\040\000t\000i\000m\000e\000r\000.\000c}{chapter.3}% 84
\BOOKMARK [2][-]{subsection.3.13.1}{\376\377\0003\000.\0001\0003\000.\0001\000\040\000D\000e\000s\000c\000r\000i\000p\000t\000i\000o\000n\000\040\000d\000\351\000t\000a\000i\000l\000l\000\351\000e}{section.3.13}% 85
\BOOKMARK [2][-]{subsection.3.13.2}{\376\377\0003\000.\0001\0003\000.\0002\000\040\000D\000o\000c\000u\000m\000e\000n\000t\000a\000t\000i\000o\000n\000\040\000d\000e\000s\000\040\000f\000o\000n\000c\000t\000i\000o\000n\000s}{section.3.13}% 86
\BOOKMARK [3][-]{subsubsection.3.13.2.1}{\376\377\0003\000.\0001\0003\000.\0002\000.\0001\000\040\000t\000i\000m\000e\000r\000\137\000c\000o\000u\000n\000t\000\137\000s\000e\000c\000\050\000\051}{subsection.3.13.2}% 87
\BOOKMARK [3][-]{subsubsection.3.13.2.2}{\376\377\0003\000.\0001\0003\000.\0002\000.\0002\000\040\000t\000i\000m\000e\000r\000\137\000r\000a\000z\000\050\000\051}{subsection.3.13.2}% 88
\BOOKMARK [3][-]{subsubsection.3.13.2.3}{\376\377\0003\000.\0001\0003\000.\0002\000.\0003\000\040\000t\000i\000m\000e\000r\000\137\000v\000a\000l\000e\000u\000r\000\050\000\051}{subsection.3.13.2}% 89
\BOOKMARK [2][-]{subsection.3.13.3}{\376\377\0003\000.\0001\0003\000.\0003\000\040\000D\000o\000c\000u\000m\000e\000n\000t\000a\000t\000i\000o\000n\000\040\000d\000e\000s\000\040\000v\000a\000r\000i\000a\000b\000l\000e\000s}{section.3.13}% 90
\BOOKMARK [3][-]{subsubsection.3.13.3.1}{\376\377\0003\000.\0001\0003\000.\0003\000.\0001\000\040\000d\000e\000p\000a\000r\000t\000\137\000t\000i\000m\000e\000r}{subsection.3.13.3}% 91
\BOOKMARK [3][-]{subsubsection.3.13.3.2}{\376\377\0003\000.\0001\0003\000.\0003\000.\0002\000\040\000i\000o\000\137\000t}{subsection.3.13.3}% 92
\BOOKMARK [3][-]{subsubsection.3.13.3.3}{\376\377\0003\000.\0001\0003\000.\0003\000.\0003\000\040\000s\000h\000m\000i\000d\000\137\000t}{subsection.3.13.3}% 93
\BOOKMARK [1][-]{section.3.14}{\376\377\0003\000.\0001\0004\000\040\000R\000\351\000f\000\351\000r\000e\000n\000c\000e\000\040\000d\000u\000\040\000f\000i\000c\000h\000i\000e\000r\000\040\000t\000i\000m\000e\000r\000.\000h}{chapter.3}% 94
\BOOKMARK [2][-]{subsection.3.14.1}{\376\377\0003\000.\0001\0004\000.\0001\000\040\000D\000e\000s\000c\000r\000i\000p\000t\000i\000o\000n\000\040\000d\000\351\000t\000a\000i\000l\000l\000\351\000e}{section.3.14}% 95
\BOOKMARK [2][-]{subsection.3.14.2}{\376\377\0003\000.\0001\0004\000.\0002\000\040\000D\000o\000c\000u\000m\000e\000n\000t\000a\000t\000i\000o\000n\000\040\000d\000e\000s\000\040\000f\000o\000n\000c\000t\000i\000o\000n\000s}{section.3.14}% 96
\BOOKMARK [3][-]{subsubsection.3.14.2.1}{\376\377\0003\000.\0001\0004\000.\0002\000.\0001\000\040\000t\000i\000m\000e\000r\000\137\000c\000o\000u\000n\000t\000\137\000s\000e\000c\000\050\000\051}{subsection.3.14.2}% 97
\BOOKMARK [3][-]{subsubsection.3.14.2.2}{\376\377\0003\000.\0001\0004\000.\0002\000.\0002\000\040\000t\000i\000m\000e\000r\000\137\000r\000a\000z\000\050\000\051}{subsection.3.14.2}% 98
\BOOKMARK [3][-]{subsubsection.3.14.2.3}{\376\377\0003\000.\0001\0004\000.\0002\000.\0003\000\040\000t\000i\000m\000e\000r\000\137\000v\000a\000l\000e\000u\000r\000\050\000\051}{subsection.3.14.2}% 99
\BOOKMARK [1][-]{section.3.15}{\376\377\0003\000.\0001\0005\000\040\000R\000\351\000f\000\351\000r\000e\000n\000c\000e\000\040\000d\000u\000\040\000f\000i\000c\000h\000i\000e\000r\000\040\000v\000o\000y\000a\000n\000t\000.\000c}{chapter.3}% 100
\BOOKMARK [2][-]{subsection.3.15.1}{\376\377\0003\000.\0001\0005\000.\0001\000\040\000D\000e\000s\000c\000r\000i\000p\000t\000i\000o\000n\000\040\000d\000\351\000t\000a\000i\000l\000l\000\351\000e}{section.3.15}% 101
\BOOKMARK [2][-]{subsection.3.15.2}{\376\377\0003\000.\0001\0005\000.\0002\000\040\000D\000o\000c\000u\000m\000e\000n\000t\000a\000t\000i\000o\000n\000\040\000d\000e\000s\000\040\000f\000o\000n\000c\000t\000i\000o\000n\000s}{section.3.15}% 102
\BOOKMARK [3][-]{subsubsection.3.15.2.1}{\376\377\0003\000.\0001\0005\000.\0002\000.\0001\000\040\000v\000o\000y\000a\000n\000t\000\137\000b\000l\000i\000n\000k\000\137\000c\000h\000a\000r\000g\000e\000\050\000\051}{subsection.3.15.2}% 103
\BOOKMARK [3][-]{subsubsection.3.15.2.2}{\376\377\0003\000.\0001\0005\000.\0002\000.\0002\000\040\000v\000o\000y\000a\000n\000t\000\137\000b\000l\000i\000n\000k\000\137\000d\000e\000f\000a\000u\000t\000\050\000\051}{subsection.3.15.2}% 104
\BOOKMARK [3][-]{subsubsection.3.15.2.3}{\376\377\0003\000.\0001\0005\000.\0002\000.\0003\000\040\000v\000o\000y\000a\000n\000t\000\137\000s\000e\000t\000\137\000c\000h\000a\000r\000g\000e\000\050\000\051}{subsection.3.15.2}% 105
\BOOKMARK [3][-]{subsubsection.3.15.2.4}{\376\377\0003\000.\0001\0005\000.\0002\000.\0004\000\040\000v\000o\000y\000a\000n\000t\000\137\000s\000e\000t\000\137\000d\000e\000f\000a\000u\000t\000\050\000\051}{subsection.3.15.2}% 106
\BOOKMARK [3][-]{subsubsection.3.15.2.5}{\376\377\0003\000.\0001\0005\000.\0002\000.\0005\000\040\000v\000o\000y\000a\000n\000t\000\137\000s\000e\000t\000\137\000d\000i\000s\000p\000o\000\050\000\051}{subsection.3.15.2}% 107
\BOOKMARK [3][-]{subsubsection.3.15.2.6}{\376\377\0003\000.\0001\0005\000.\0002\000.\0006\000\040\000v\000o\000y\000a\000n\000t\000\137\000s\000e\000t\000\137\000p\000r\000i\000s\000e\000\050\000\051}{subsection.3.15.2}% 108
\BOOKMARK [3][-]{subsubsection.3.15.2.7}{\376\377\0003\000.\0001\0005\000.\0002\000.\0007\000\040\000v\000o\000y\000a\000n\000t\000\137\000s\000e\000t\000\137\000t\000r\000a\000p\000p\000e\000\050\000\051}{subsection.3.15.2}% 109
\BOOKMARK [2][-]{subsection.3.15.3}{\376\377\0003\000.\0001\0005\000.\0003\000\040\000D\000o\000c\000u\000m\000e\000n\000t\000a\000t\000i\000o\000n\000\040\000d\000e\000s\000\040\000v\000a\000r\000i\000a\000b\000l\000e\000s}{section.3.15}% 110
\BOOKMARK [3][-]{subsubsection.3.15.3.1}{\376\377\0003\000.\0001\0005\000.\0003\000.\0001\000\040\000i\000o}{subsection.3.15.3}% 111
\BOOKMARK [3][-]{subsubsection.3.15.3.2}{\376\377\0003\000.\0001\0005\000.\0003\000.\0002\000\040\000s\000h\000m\000i\000d}{subsection.3.15.3}% 112
\BOOKMARK [1][-]{section.3.16}{\376\377\0003\000.\0001\0006\000\040\000R\000\351\000f\000\351\000r\000e\000n\000c\000e\000\040\000d\000u\000\040\000f\000i\000c\000h\000i\000e\000r\000\040\000v\000o\000y\000a\000n\000t\000.\000h}{chapter.3}% 113
\BOOKMARK [2][-]{subsection.3.16.1}{\376\377\0003\000.\0001\0006\000.\0001\000\040\000D\000e\000s\000c\000r\000i\000p\000t\000i\000o\000n\000\040\000d\000\351\000t\000a\000i\000l\000l\000\351\000e}{section.3.16}% 114
\BOOKMARK [2][-]{subsection.3.16.2}{\376\377\0003\000.\0001\0006\000.\0002\000\040\000D\000o\000c\000u\000m\000e\000n\000t\000a\000t\000i\000o\000n\000\040\000d\000e\000s\000\040\000f\000o\000n\000c\000t\000i\000o\000n\000s}{section.3.16}% 115
\BOOKMARK [3][-]{subsubsection.3.16.2.1}{\376\377\0003\000.\0001\0006\000.\0002\000.\0001\000\040\000v\000o\000y\000a\000n\000t\000\137\000b\000l\000i\000n\000k\000\137\000c\000h\000a\000r\000g\000e\000\050\000\051}{subsection.3.16.2}% 116
\BOOKMARK [3][-]{subsubsection.3.16.2.2}{\376\377\0003\000.\0001\0006\000.\0002\000.\0002\000\040\000v\000o\000y\000a\000n\000t\000\137\000b\000l\000i\000n\000k\000\137\000d\000e\000f\000a\000u\000t\000\050\000\051}{subsection.3.16.2}% 117
\BOOKMARK [3][-]{subsubsection.3.16.2.3}{\376\377\0003\000.\0001\0006\000.\0002\000.\0003\000\040\000v\000o\000y\000a\000n\000t\000\137\000s\000e\000t\000\137\000c\000h\000a\000r\000g\000e\000\050\000\051}{subsection.3.16.2}% 118
\BOOKMARK [3][-]{subsubsection.3.16.2.4}{\376\377\0003\000.\0001\0006\000.\0002\000.\0004\000\040\000v\000o\000y\000a\000n\000t\000\137\000s\000e\000t\000\137\000d\000e\000f\000a\000u\000t\000\050\000\051}{subsection.3.16.2}% 119
\BOOKMARK [3][-]{subsubsection.3.16.2.5}{\376\377\0003\000.\0001\0006\000.\0002\000.\0005\000\040\000v\000o\000y\000a\000n\000t\000\137\000s\000e\000t\000\137\000d\000i\000s\000p\000o\000\050\000\051}{subsection.3.16.2}% 120
\BOOKMARK [3][-]{subsubsection.3.16.2.6}{\376\377\0003\000.\0001\0006\000.\0002\000.\0006\000\040\000v\000o\000y\000a\000n\000t\000\137\000s\000e\000t\000\137\000p\000r\000i\000s\000e\000\050\000\051}{subsection.3.16.2}% 121
\BOOKMARK [3][-]{subsubsection.3.16.2.7}{\376\377\0003\000.\0001\0006\000.\0002\000.\0007\000\040\000v\000o\000y\000a\000n\000t\000\137\000s\000e\000t\000\137\000t\000r\000a\000p\000p\000e\000\050\000\051}{subsection.3.16.2}% 122
\BOOKMARK [0][-]{section*.44}{\376\377\000I\000n\000d\000e\000x}{}% 123
